<?xml version="1.0" encoding="UTF-8"?>
<!-- Generated by org.testng.reporters.JUnitXMLReporter -->
<testsuite hostname="W10-Ranjini" name="Test" tests="1" failures="1" timestamp="13 Aug 2018 20:55:42 GMT" time="46.502" errors="0">
  <testcase name="@AfterTest endReport" time="0.0" classname="PMM.Testsuite">
    <failure type="java.lang.NullPointerException">
      <![CDATA[java.lang.NullPointerException
	at com.relevantcodes.extentreports.Report.terminate(Report.java:417)
	at com.relevantcodes.extentreports.ExtentReports.close(ExtentReports.java:920)
	at PMM.Testsuite.endReport(Testsuite.java:165)
... Removed 22 stack frames]]>
    </failure>
  </testcase> <!-- @AfterTest endReport -->
  <testcase name="login" time="46.483" classname="PMM.Testsuite">
    <failure type="org.openqa.selenium.TimeoutException" message="Expected condition failed: waiting for presence of element located by: By.xpath: html/body/div/div/div[2]/div/div/div/div/div/div/div/div/div[2]/div[2]/div[2]/div/div[8]/div[2]/table/tbody/tr[1]/th[1]/div (tried for 40 second(s) with 500 MILLISECONDS interval)">
      <![CDATA[org.openqa.selenium.TimeoutException: Expected condition failed: waiting for presence of element located by: By.xpath: html/body/div/div/div[2]/div/div/div/div/div/div/div/div/div[2]/div[2]/div[2]/div/div[8]/div[2]/table/tbody/tr[1]/th[1]/div (tried for 40 second(s) with 500 MILLISECONDS interval)
	at org.openqa.selenium.support.ui.WebDriverWait.timeoutException(WebDriverWait.java:80)
	at org.openqa.selenium.support.ui.FluentWait.until(FluentWait.java:232)
	at PMM.Testsuite.login(Testsuite.java:46)
Caused by: org.openqa.selenium.NoSuchElementException: Cannot locate an element using By.xpath: html/body/div/div/div[2]/div/div/div/div/div/div/div/div/div[2]/div[2]/div[2]/div/div[8]/div[2]/table/tbody/tr[1]/th[1]/div
For documentation on this error, please visit: http://seleniumhq.org/exceptions/no_such_element.html
Build info: version: '3.4.0', revision: 'unknown', time: 'unknown'
System info: host: 'W10-RANJINI', ip: '10.117.10.53', os.name: 'Windows 10', os.arch: 'amd64', os.version: '10.0', java.version: '1.8.0_131'
Driver info: driver.version: unknown
	at org.openqa.selenium.support.ui.ExpectedConditions.lambda$findElement$0(ExpectedConditions.java:883)
	at java.util.Optional.orElseThrow(Optional.java:290)
	at org.openqa.selenium.support.ui.ExpectedConditions.findElement(ExpectedConditions.java:882)
	at org.openqa.selenium.support.ui.ExpectedConditions.access$000(ExpectedConditions.java:44)
	at org.openqa.selenium.support.ui.ExpectedConditions$6.apply(ExpectedConditions.java:183)
	at org.openqa.selenium.support.ui.ExpectedConditions$6.apply(ExpectedConditions.java:180)
	at org.openqa.selenium.support.ui.FluentWait.until(FluentWait.java:209)
	... 25 more
... Removed 24 stack frames]]>
    </failure>
  </testcase> <!-- login -->
</testsuite> <!-- Test -->
